#
# There is insufficient memory for the Java Runtime Environment to continue.
# Native memory allocation (malloc) failed to allocate 1060976 bytes for Chunk::new
# Possible reasons:
#   The system is out of physical RAM or swap space
#   The process is running with CompressedOops enabled, and the Java Heap may be blocking the growth of the native heap
# Possible solutions:
#   Reduce memory load on the system
#   Increase physical memory or swap space
#   Check if swap backing store is full
#   Decrease Java heap size (-Xmx/-Xms)
#   Decrease number of Java threads
#   Decrease Java thread stack sizes (-Xss)
#   Set larger code cache with -XX:ReservedCodeCacheSize=
#   JVM is running with Unscaled Compressed Oops mode in which the Java heap is
#     placed in the first 4GB address space. The Java Heap base address is the
#     maximum limit for the native heap growth. Please use -XX:HeapBaseMinAddress
#     to set the Java Heap base and to place the Java Heap above 4GB virtual address.
# This output file may be truncated or incomplete.
#
#  Out of Memory Error (allocation.cpp:389), pid=13964, tid=0x00000000000015d8
#
# JRE version: OpenJDK Runtime Environment (8.0_242-b01) (build 1.8.0_242-release-1644-b01)
# Java VM: OpenJDK 64-Bit Server VM (25.242-b01 mixed mode windows-amd64 compressed oops)
# Failed to write core dump. Minidumps are not enabled by default on client versions of Windows
#

---------------  T H R E A D  ---------------

Current thread (0x00000000176d9000):  JavaThread "C2 CompilerThread1" daemon [_thread_in_native, id=5592, stack(0x0000000017dd0000,0x0000000017ed0000)]

Stack: [0x0000000017dd0000,0x0000000017ed0000]
[error occurred during error reporting (printing stack bounds), id 0xc0000005]

Native frames: (J=compiled Java code, j=interpreted, Vv=VM code, C=native code)


Current CompileTask:
C2:5710968 21633       4       org.gradle.internal.logging.sink.LogEventDispatcher::onOutput (60 bytes)


---------------  P R O C E S S  ---------------

Java Threads: ( => current thread )
  0x000000001a51f000 JavaThread "Exec process Thread 30" [_thread_in_native, id=10536, stack(0x0000000025da0000,0x0000000025ea0000)]
  0x000000001a517800 JavaThread "Exec process Thread 29" [_thread_in_native, id=2984, stack(0x0000000025ca0000,0x0000000025da0000)]
  0x000000001a51d000 JavaThread "Exec process Thread 28" [_thread_in_native, id=12600, stack(0x0000000025360000,0x0000000025460000)]
  0x000000001a51c000 JavaThread "Cache worker for execution history cache (D:\flutter-project\fms_flutter\android\.gradle\5.6.2\executionHistory)" [_thread_blocked, id=12924, stack(0x0000000025260000,0x0000000025360000)]
  0x000000001a51a800 JavaThread "Execution worker for ':' Thread 3" [_thread_blocked, id=9788, stack(0x0000000025160000,0x0000000025260000)]
  0x000000001a51d800 JavaThread "Execution worker for ':' Thread 2" [_thread_blocked, id=10440, stack(0x0000000025060000,0x0000000025160000)]
  0x0000000022bdf800 JavaThread "Execution worker for ':'" [_thread_blocked, id=13324, stack(0x0000000024f60000,0x0000000025060000)]
  0x0000000022be4800 JavaThread "Cache worker for file content cache (D:\flutter-project\fms_flutter\android\.gradle\5.6.2\fileContent)" [_thread_blocked, id=4468, stack(0x0000000024590000,0x0000000024690000)]
  0x0000000022be4000 JavaThread "Cache worker for Build Output Cleanup Cache (D:\flutter-project\fms_flutter\android\.gradle\buildOutputCleanup)" [_thread_blocked, id=12684, stack(0x0000000021c40000,0x0000000021d40000)]
  0x0000000022bde800 JavaThread "Build operations Thread 4" [_thread_blocked, id=13472, stack(0x0000000021740000,0x0000000021840000)]
  0x0000000022be3000 JavaThread "Build operations Thread 3" [_thread_blocked, id=244, stack(0x0000000021640000,0x0000000021740000)]
  0x0000000022be0000 JavaThread "Build operations Thread 2" [_thread_blocked, id=12944, stack(0x000000001e4c0000,0x000000001e5c0000)]
  0x0000000022bde000 JavaThread "Build operations" [_thread_blocked, id=10600, stack(0x000000001e3c0000,0x000000001e4c0000)]
  0x0000000022be2800 JavaThread "Cache worker for cache directory md-rule (C:\Users\hanyonghua\.gradle\caches\5.6.2\md-rule)" [_thread_blocked, id=10784, stack(0x000000001e2c0000,0x000000001e3c0000)]
  0x0000000022be1800 JavaThread "Cache worker for cache directory md-supplier (C:\Users\hanyonghua\.gradle\caches\5.6.2\md-supplier)" [_thread_blocked, id=13244, stack(0x000000001e1c0000,0x000000001e2c0000)]
  0x0000000022bd6800 JavaThread "Cache worker for file hash cache (D:\flutter-project\fms_flutter\android\.gradle\5.6.2\fileHashes)" [_thread_blocked, id=13308, stack(0x000000001b720000,0x000000001b820000)]
  0x0000000022bdd000 JavaThread "Thread-231" [_thread_blocked, id=14028, stack(0x000000001b420000,0x000000001b520000)]
  0x0000000022bd5800 JavaThread "Stdin handler" [_thread_blocked, id=9512, stack(0x000000001b320000,0x000000001b420000)]
  0x0000000022bdb800 JavaThread "Asynchronous log dispatcher for DefaultDaemonConnection: socket connection from /127.0.0.1:49899 to /127.0.0.1:61273" [_thread_blocked, id=12740, stack(0x000000001b020000,0x000000001b120000)]
  0x0000000022bda000 JavaThread "Daemon worker Thread 10" [_thread_blocked, id=9404, stack(0x000000001af20000,0x000000001b020000)]
  0x0000000022bd8800 JavaThread "Cancel handler" [_thread_blocked, id=2492, stack(0x0000000000ab0000,0x0000000000bb0000)]
  0x0000000022bd8000 JavaThread "Handler for socket connection from /127.0.0.1:49899 to /127.0.0.1:61273" [_thread_in_native, id=11676, stack(0x00000000009b0000,0x0000000000ab0000)]
  0x0000000022bd9800 JavaThread "Daemon Thread 10" [_thread_blocked, id=12876, stack(0x00000000008b0000,0x00000000009b0000)]
  0x000000001a520800 JavaThread "Cache worker for file content cache (C:\Users\hanyonghua\.gradle\caches\5.6.2\fileContent)" [_thread_blocked, id=11520, stack(0x0000000024290000,0x0000000024390000)]
  0x000000001a519000 JavaThread "Memory manager" [_thread_blocked, id=12052, stack(0x0000000023760000,0x0000000023860000)]
  0x000000001a518800 JavaThread "Cache worker for execution history cache (C:\Users\hanyonghua\.gradle\caches\5.6.2\executionHistory)" [_thread_blocked, id=9876, stack(0x00000000200d0000,0x00000000201d0000)]
  0x000000001779a800 JavaThread "Cache worker for journal cache (C:\Users\hanyonghua\.gradle\caches\journal-1)" [_thread_blocked, id=1912, stack(0x000000001ba20000,0x000000001bb20000)]
  0x000000001779a000 JavaThread "File lock request listener" [_thread_in_native, id=13628, stack(0x000000001b920000,0x000000001ba20000)]
  0x0000000017799000 JavaThread "Cache worker for file hash cache (C:\Users\hanyonghua\.gradle\caches\5.6.2\fileHashes)" [_thread_blocked, id=8036, stack(0x000000001b820000,0x000000001b920000)]
  0x0000000017a43000 JavaThread "Daemon periodic checks" [_thread_blocked, id=13180, stack(0x000000001ae20000,0x000000001af20000)]
  0x0000000017760000 JavaThread "Incoming local TCP Connector on port 49899" [_thread_in_native, id=7484, stack(0x000000001ac70000,0x000000001ad70000)]
  0x0000000019b28800 JavaThread "Daemon health stats" [_thread_blocked, id=3112, stack(0x000000001a970000,0x000000001aa70000)]
  0x0000000017763800 JavaThread "Service Thread" daemon [_thread_blocked, id=4476, stack(0x0000000017fd0000,0x00000000180d0000)]
  0x00000000176ea000 JavaThread "C1 CompilerThread2" daemon [_thread_blocked, id=14276, stack(0x0000000017ed0000,0x0000000017fd0000)]
=>0x00000000176d9000 JavaThread "C2 CompilerThread1" daemon [_thread_in_native, id=5592, stack(0x0000000017dd0000,0x0000000017ed0000)]
  0x00000000163db800 JavaThread "C2 CompilerThread0" daemon [_thread_blocked, id=4732, stack(0x0000000017cd0000,0x0000000017dd0000)]
  0x000000001638f000 JavaThread "Attach Listener" daemon [_thread_blocked, id=7060, stack(0x0000000017bd0000,0x0000000017cd0000)]
  0x0000000016377800 JavaThread "Signal Dispatcher" daemon [_thread_blocked, id=4260, stack(0x0000000017ad0000,0x0000000017bd0000)]
  0x0000000002a0a000 JavaThread "Finalizer" daemon [_thread_blocked, id=7252, stack(0x00000000175d0000,0x00000000176d0000)]
  0x0000000002a01000 JavaThread "Reference Handler" daemon [_thread_blocked, id=11072, stack(0x00000000174d0000,0x00000000175d0000)]
  0x0000000002912800 JavaThread "main" [_thread_blocked, id=8636, stack(0x0000000002810000,0x0000000002910000)]

Other Threads:
  0x0000000016346800 VMThread [stack: 0x00000000173d0000,0x00000000174d0000] [id=10760]
  0x000000001777d800 WatcherThread [stack: 0x00000000180d0000,0x00000000181d0000] [id=13208]

VM state:not at safepoint (normal execution)

VM Mutex/Monitor currently owned by a thread: None

heap address: 0x00000000a0000000, size: 1536 MB, Compressed Oops mode: 32-bit
Narrow klass base: 0x0000000000000000, Narrow klass shift: 3
Compressed class space size: 1073741824 Address: 0x0000000100000000

Heap:
 PSYoungGen      total 320512K, used 164699K [0x00000000e0000000, 0x00000000fbb80000, 0x0000000100000000)
  eden space 195072K, 43% used [0x00000000e0000000,0x00000000e520fde8,0x00000000ebe80000)
  from space 125440K, 64% used [0x00000000f4100000,0x00000000f8fc7110,0x00000000fbb80000)
  to   space 129536K, 0% used [0x00000000ebe80000,0x00000000ebe80000,0x00000000f3d00000)
 ParOldGen       total 306688K, used 257906K [0x00000000a0000000, 0x00000000b2b80000, 0x00000000e0000000)
  object space 306688K, 84% used [0x00000000a0000000,0x00000000afbdc8d0,0x00000000b2b80000)
 Metaspace       used 81253K, capacity 88006K, committed 88152K, reserved 1126400K
  class space    used 10590K, capacity 12062K, committed 12160K, reserved 1048576K

Card table byte_map: [0x0000000011dd0000,0x00000000120e0000] byte_map_base: 0x00000000118d0000

Marking Bits: (ParMarkBitMap*) 0x000000005ce2f030
 Begin Bits: [0x00000000126e0000, 0x0000000013ee0000)
 End Bits:   [0x0000000013ee0000, 0x00000000156e0000)

Polling page: 0x0000000000740000

CodeCache: size=245760Kb used=58126Kb max_used=58128Kb free=187633Kb
 bounds [0x0000000002a10000, 0x0000000006330000, 0x0000000011a10000]
 total_blobs=17840 nmethods=17005 adapters=745
 compilation: enabled

Compilation events (10 events):
Event: 5710.700 Thread 0x00000000176d9000 21633       4       org.gradle.internal.logging.sink.LogEventDispatcher::onOutput (60 bytes)
Event: 5710.700 Thread 0x00000000176ea000 nmethod 21631 0x0000000006325850 code [0x00000000063259c0, 0x0000000006325be8]
Event: 5710.700 Thread 0x00000000176ea000 21632       3       org.gradle.internal.io.LinePerThreadBufferingOutputStream::write (9 bytes)
Event: 5710.701 Thread 0x00000000176ea000 nmethod 21632 0x0000000006325390 code [0x0000000006325500, 0x0000000006325758]
Event: 5710.701 Thread 0x00000000176ea000 21634       3       org.gradle.internal.io.LineBufferingOutputStream::write (59 bytes)
Event: 5710.702 Thread 0x00000000176ea000 nmethod 21634 0x0000000006310850 code [0x0000000006310aa0, 0x00000000063119d8]
Event: 5710.702 Thread 0x00000000176ea000 21635       3       org.gradle.internal.io.StreamByteBuffer$StreamByteBufferOutputStream::write (22 bytes)
Event: 5710.702 Thread 0x00000000176ea000 nmethod 21635 0x0000000006310210 code [0x00000000063103a0, 0x0000000006310668]
Event: 5710.702 Thread 0x00000000176ea000 21636       3       org.gradle.internal.io.StreamByteBuffer$StreamByteBufferChunk::write (32 bytes)
Event: 5710.702 Thread 0x00000000176ea000 nmethod 21636 0x000000000630fdd0 code [0x000000000630ff40, 0x0000000006310110]

GC Heap History (10 events):
Event: 2593.185 GC heap before
{Heap before GC invocations=28 (full 4):
 PSYoungGen      total 308224K, used 299583K [0x00000000e0000000, 0x00000000fb400000, 0x0000000100000000)
  eden space 243712K, 96% used [0x00000000e0000000,0x00000000ee6023f0,0x00000000eee00000)
  from space 64512K, 99% used [0x00000000ef600000,0x00000000f348d8e8,0x00000000f3500000)
  to   space 101376K, 0% used [0x00000000f5100000,0x00000000f5100000,0x00000000fb400000)
 ParOldGen       total 306688K, used 238110K [0x00000000a0000000, 0x00000000b2b80000, 0x00000000e0000000)
  object space 306688K, 77% used [0x00000000a0000000,0x00000000ae8879c8,0x00000000b2b80000)
 Metaspace       used 80822K, capacity 87732K, committed 87896K, reserved 1124352K
  class space    used 10587K, capacity 12059K, committed 12160K, reserved 1048576K
Event: 2593.231 GC heap after
Heap after GC invocations=28 (full 4):
 PSYoungGen      total 323584K, used 101362K [0x00000000e0000000, 0x00000000fd680000, 0x0000000100000000)
  eden space 222208K, 0% used [0x00000000e0000000,0x00000000e0000000,0x00000000ed900000)
  from space 101376K, 99% used [0x00000000f5100000,0x00000000fb3fc930,0x00000000fb400000)
  to   space 122880K, 0% used [0x00000000ed900000,0x00000000ed900000,0x00000000f5100000)
 ParOldGen       total 306688K, used 254029K [0x00000000a0000000, 0x00000000b2b80000, 0x00000000e0000000)
  object space 306688K, 82% used [0x00000000a0000000,0x00000000af8136f0,0x00000000b2b80000)
 Metaspace       used 80822K, capacity 87732K, committed 87896K, reserved 1124352K
  class space    used 10587K, capacity 12059K, committed 12160K, reserved 1048576K
}
Event: 4281.806 GC heap before
{Heap before GC invocations=29 (full 4):
 PSYoungGen      total 323584K, used 323570K [0x00000000e0000000, 0x00000000fd680000, 0x0000000100000000)
  eden space 222208K, 100% used [0x00000000e0000000,0x00000000ed900000,0x00000000ed900000)
  from space 101376K, 99% used [0x00000000f5100000,0x00000000fb3fc930,0x00000000fb400000)
  to   space 122880K, 0% used [0x00000000ed900000,0x00000000ed900000,0x00000000f5100000)
 ParOldGen       total 306688K, used 254029K [0x00000000a0000000, 0x00000000b2b80000, 0x00000000e0000000)
  object space 306688K, 82% used [0x00000000a0000000,0x00000000af8136f0,0x00000000b2b80000)
 Metaspace       used 81009K, capacity 87814K, committed 88152K, reserved 1126400K
  class space    used 10589K, capacity 12062K, committed 12160K, reserved 1048576K
Event: 4281.905 GC heap after
Heap after GC invocations=29 (full 4):
 PSYoungGen      total 289280K, used 73580K [0x00000000e0000000, 0x00000000fc580000, 0x0000000100000000)
  eden space 215552K, 0% used [0x00000000e0000000,0x00000000e0000000,0x00000000ed280000)
  from space 73728K, 99% used [0x00000000ed900000,0x00000000f20db120,0x00000000f2100000)
  to   space 124416K, 0% used [0x00000000f4c00000,0x00000000f4c00000,0x00000000fc580000)
 ParOldGen       total 306688K, used 257890K [0x00000000a0000000, 0x00000000b2b80000, 0x00000000e0000000)
  object space 306688K, 84% used [0x00000000a0000000,0x00000000afbd88d0,0x00000000b2b80000)
 Metaspace       used 81009K, capacity 87814K, committed 88152K, reserved 1126400K
  class space    used 10589K, capacity 12062K, committed 12160K, reserved 1048576K
}
Event: 4299.115 GC heap before
{Heap before GC invocations=30 (full 4):
 PSYoungGen      total 289280K, used 289132K [0x00000000e0000000, 0x00000000fc580000, 0x0000000100000000)
  eden space 215552K, 100% used [0x00000000e0000000,0x00000000ed280000,0x00000000ed280000)
  from space 73728K, 99% used [0x00000000ed900000,0x00000000f20db120,0x00000000f2100000)
  to   space 124416K, 0% used [0x00000000f4c00000,0x00000000f4c00000,0x00000000fc580000)
 ParOldGen       total 306688K, used 257890K [0x00000000a0000000, 0x00000000b2b80000, 0x00000000e0000000)
  object space 306688K, 84% used [0x00000000a0000000,0x00000000afbd88d0,0x00000000b2b80000)
 Metaspace       used 81047K, capacity 87814K, committed 88152K, reserved 1126400K
  class space    used 10589K, capacity 12062K, committed 12160K, reserved 1048576K
Event: 4299.191 GC heap after
Heap after GC invocations=30 (full 4):
 PSYoungGen      total 331776K, used 94524K [0x00000000e0000000, 0x00000000fcf00000, 0x0000000100000000)
  eden space 207360K, 0% used [0x00000000e0000000,0x00000000e0000000,0x00000000eca80000)
  from space 124416K, 75% used [0x00000000f4c00000,0x00000000fa84f170,0x00000000fc580000)
  to   space 132608K, 0% used [0x00000000eca80000,0x00000000eca80000,0x00000000f4c00000)
 ParOldGen       total 306688K, used 257890K [0x00000000a0000000, 0x00000000b2b80000, 0x00000000e0000000)
  object space 306688K, 84% used [0x00000000a0000000,0x00000000afbd88d0,0x00000000b2b80000)
 Metaspace       used 81047K, capacity 87814K, committed 88152K, reserved 1126400K
  class space    used 10589K, capacity 12062K, committed 12160K, reserved 1048576K
}
Event: 4789.923 GC heap before
{Heap before GC invocations=31 (full 4):
 PSYoungGen      total 331776K, used 301884K [0x00000000e0000000, 0x00000000fcf00000, 0x0000000100000000)
  eden space 207360K, 100% used [0x00000000e0000000,0x00000000eca80000,0x00000000eca80000)
  from space 124416K, 75% used [0x00000000f4c00000,0x00000000fa84f170,0x00000000fc580000)
  to   space 132608K, 0% used [0x00000000eca80000,0x00000000eca80000,0x00000000f4c00000)
 ParOldGen       total 306688K, used 257890K [0x00000000a0000000, 0x00000000b2b80000, 0x00000000e0000000)
  object space 306688K, 84% used [0x00000000a0000000,0x00000000afbd88d0,0x00000000b2b80000)
 Metaspace       used 81057K, capacity 87814K, committed 88152K, reserved 1126400K
  class space    used 10589K, capacity 12062K, committed 12160K, reserved 1048576K
Event: 4789.953 GC heap after
Heap after GC invocations=31 (full 4):
 PSYoungGen      total 244736K, used 43116K [0x00000000e0000000, 0x00000000fbd80000, 0x0000000100000000)
  eden space 201216K, 0% used [0x00000000e0000000,0x00000000e0000000,0x00000000ec480000)
  from space 43520K, 99% used [0x00000000eca80000,0x00000000ef49b110,0x00000000ef500000)
  to   space 127488K, 0% used [0x00000000f4100000,0x00000000f4100000,0x00000000fbd80000)
 ParOldGen       total 306688K, used 257898K [0x00000000a0000000, 0x00000000b2b80000, 0x00000000e0000000)
  object space 306688K, 84% used [0x00000000a0000000,0x00000000afbda8d0,0x00000000b2b80000)
 Metaspace       used 81057K, capacity 87814K, committed 88152K, reserved 1126400K
  class space    used 10589K, capacity 12062K, committed 12160K, reserved 1048576K
}
Event: 5698.203 GC heap before
{Heap before GC invocations=32 (full 4):
 PSYoungGen      total 244736K, used 244332K [0x00000000e0000000, 0x00000000fbd80000, 0x0000000100000000)
  eden space 201216K, 100% used [0x00000000e0000000,0x00000000ec480000,0x00000000ec480000)
  from space 43520K, 99% used [0x00000000eca80000,0x00000000ef49b110,0x00000000ef500000)
  to   space 127488K, 0% used [0x00000000f4100000,0x00000000f4100000,0x00000000fbd80000)
 ParOldGen       total 306688K, used 257898K [0x00000000a0000000, 0x00000000b2b80000, 0x00000000e0000000)
  object space 306688K, 84% used [0x00000000a0000000,0x00000000afbda8d0,0x00000000b2b80000)
 Metaspace       used 81211K, capacity 88006K, committed 88152K, reserved 1126400K
  class space    used 10589K, capacity 12062K, committed 12160K, reserved 1048576K
Event: 5698.273 GC heap after
Heap after GC invocations=32 (full 4):
 PSYoungGen      total 320512K, used 80668K [0x00000000e0000000, 0x00000000fbb80000, 0x0000000100000000)
  eden space 195072K, 0% used [0x00000000e0000000,0x00000000e0000000,0x00000000ebe80000)
  from space 125440K, 64% used [0x00000000f4100000,0x00000000f8fc7110,0x00000000fbb80000)
  to   space 129536K, 0% used [0x00000000ebe80000,0x00000000ebe80000,0x00000000f3d00000)
 ParOldGen       total 306688K, used 257906K [0x00000000a0000000, 0x00000000b2b80000, 0x00000000e0000000)
  object space 306688K, 84% used [0x00000000a0000000,0x00000000afbdc8d0,0x00000000b2b80000)
 Metaspace       used 81211K, capacity 88006K, committed 88152K, reserved 1126400K
  class space    used 10589K, capacity 12062K, committed 12160K, reserved 1048576K
}

Deoptimization events (10 events):
Event: 5710.699 Thread 0x000000001a517800 Uncommon trap: reason=bimorphic action=maybe_recompile pc=0x00000000035905e8 method=java.nio.charset.CharsetDecoder.flush(Ljava/nio/CharBuffer;)Ljava/nio/charset/CoderResult; @ 10
Event: 5710.700 Thread 0x000000001a517800 Uncommon trap: reason=class_check action=maybe_recompile pc=0x0000000005cfc3bc method=org.gradle.internal.logging.sink.OutputEventTransformer.onOutput(Lorg/gradle/internal/logging/events/OutputEvent;)V @ 335
Event: 5710.700 Thread 0x000000001a517800 Uncommon trap: reason=class_check action=maybe_recompile pc=0x0000000004ce84f4 method=org.gradle.internal.logging.console.StyledTextOutputBackedRenderer.onOutput(Lorg/gradle/internal/logging/events/OutputEvent;)V @ 65
Event: 5710.700 Thread 0x000000001a517800 Uncommon trap: reason=unstable_if action=reinterpret pc=0x0000000003d52164 method=org.gradle.internal.logging.text.AbstractLineChoppingStyledTextOutput$2.execute(Lorg/gradle/internal/logging/text/AbstractLineChoppingStyledTextOutput$StateContext;)V @ 30
Event: 5710.700 Thread 0x000000001a517800 Uncommon trap: reason=class_check action=maybe_recompile pc=0x00000000059cfbd4 method=java.io.FilterOutputStream.flush()V @ 4
Event: 5710.700 Thread 0x000000001a517800 Uncommon trap: reason=bimorphic action=maybe_recompile pc=0x00000000035905e8 method=java.nio.charset.CharsetDecoder.flush(Ljava/nio/CharBuffer;)Ljava/nio/charset/CoderResult; @ 10
Event: 5710.700 Thread 0x000000001a517800 Uncommon trap: reason=class_check action=maybe_recompile pc=0x0000000005cfc3bc method=org.gradle.internal.logging.sink.OutputEventTransformer.onOutput(Lorg/gradle/internal/logging/events/OutputEvent;)V @ 335
Event: 5710.700 Thread 0x000000001a517800 Uncommon trap: reason=class_check action=maybe_recompile pc=0x0000000004ce84f4 method=org.gradle.internal.logging.console.StyledTextOutputBackedRenderer.onOutput(Lorg/gradle/internal/logging/events/OutputEvent;)V @ 65
Event: 5710.700 Thread 0x000000001a517800 Uncommon trap: reason=unstable_if action=reinterpret pc=0x0000000002e3134c method=org.gradle.internal.logging.text.AbstractLineChoppingStyledTextOutput$2.execute(Lorg/gradle/internal/logging/text/AbstractLineChoppingStyledTextOutput$StateContext;)V @ 30
Event: 5710.701 Thread 0x000000001a517800 Uncommon trap: reason=class_check action=maybe_recompile pc=0x00000000059cfbd4 method=java.io.FilterOutputStream.flush()V @ 4

Classes redefined (0 events):
No events

Internal exceptions (10 events):
Event: 4301.030 Thread 0x000000001a51d800 Exception <a 'sun/nio/fs/WindowsException'> (0x00000000ebfd6b30) thrown at [C:\src\AOSP-openjdk-git\hotspot\src\share\vm\prims\jni.cpp, line 710]
Event: 4301.030 Thread 0x000000001a51d800 Exception <a 'sun/nio/fs/WindowsException'> (0x00000000ec400010) thrown at [C:\src\AOSP-openjdk-git\hotspot\src\share\vm\prims\jni.cpp, line 710]
Event: 4301.030 Thread 0x000000001a51d800 Exception <a 'sun/nio/fs/WindowsException'> (0x00000000ec401830) thrown at [C:\src\AOSP-openjdk-git\hotspot\src\share\vm\prims\jni.cpp, line 710]
Event: 4301.031 Thread 0x000000001a51d800 Exception <a 'sun/nio/fs/WindowsException'> (0x00000000ec403050) thrown at [C:\src\AOSP-openjdk-git\hotspot\src\share\vm\prims\jni.cpp, line 710]
Event: 4301.031 Thread 0x000000001a51d800 Exception <a 'sun/nio/fs/WindowsException'> (0x00000000ec404880) thrown at [C:\src\AOSP-openjdk-git\hotspot\src\share\vm\prims\jni.cpp, line 710]
Event: 4301.031 Thread 0x000000001a51d800 Exception <a 'sun/nio/fs/WindowsException'> (0x00000000ec4060a0) thrown at [C:\src\AOSP-openjdk-git\hotspot\src\share\vm\prims\jni.cpp, line 710]
Event: 4301.031 Thread 0x000000001a51d800 Exception <a 'sun/nio/fs/WindowsException'> (0x00000000ec4078b8) thrown at [C:\src\AOSP-openjdk-git\hotspot\src\share\vm\prims\jni.cpp, line 710]
Event: 4301.032 Thread 0x000000001a51d800 Exception <a 'sun/nio/fs/WindowsException'> (0x00000000ec4090c8) thrown at [C:\src\AOSP-openjdk-git\hotspot\src\share\vm\prims\jni.cpp, line 710]
Event: 4301.032 Thread 0x000000001a51d800 Exception <a 'sun/nio/fs/WindowsException'> (0x00000000ec40a8f8) thrown at [C:\src\AOSP-openjdk-git\hotspot\src\share\vm\prims\jni.cpp, line 710]
Event: 4301.032 Thread 0x000000001a51d800 Exception <a 'sun/nio/fs/WindowsException'> (0x00000000ec40c110) thrown at [C:\src\AOSP-openjdk-git\hotspot\src\share\vm\prims\jni.cpp, line 710]

Events (10 events):
Event: 5710.700 Thread 0x000000001a517800 DEOPT UNPACKING pc=0x0000000002a5557b sp=0x0000000025d9e6b0 mode 2
Event: 5710.700 Thread 0x000000001a517800 Uncommon trap: trap_request=0xffffffde fr.pc=0x0000000004ce84f4
Event: 5710.700 Thread 0x000000001a517800 DEOPT PACKING pc=0x0000000004ce84f4 sp=0x0000000025d9e4e0
Event: 5710.700 Thread 0x000000001a517800 DEOPT UNPACKING pc=0x0000000002a5557b sp=0x0000000025d9e3f0 mode 2
Event: 5710.700 Thread 0x000000001a517800 Uncommon trap: trap_request=0xffffff65 fr.pc=0x0000000002e3134c
Event: 5710.700 Thread 0x000000001a517800 DEOPT PACKING pc=0x0000000002e3134c sp=0x0000000025d9e1c0
Event: 5710.700 Thread 0x000000001a517800 DEOPT UNPACKING pc=0x0000000002a5557b sp=0x0000000025d9e058 mode 2
Event: 5710.701 Thread 0x000000001a517800 Uncommon trap: trap_request=0xffffffde fr.pc=0x00000000059cfbd4
Event: 5710.701 Thread 0x000000001a517800 DEOPT PACKING pc=0x00000000059cfbd4 sp=0x0000000025d9ebe0
Event: 5710.701 Thread 0x000000001a517800 DEOPT UNPACKING pc=0x0000000002a5557b sp=0x0000000025d9ebb8 mode 2


Dynamic libraries:
0x00007ff712e30000 - 0x00007ff712e61000 	D:\Android\Android Studio\jre\bin\java.exe
0x00007ff84b160000 - 0x00007ff84b350000 	C:\Windows\SYSTEM32\ntdll.dll
0x00007ff84a620000 - 0x00007ff84a6d2000 	C:\Windows\System32\KERNEL32.DLL
0x00007ff848b70000 - 0x00007ff848e15000 	C:\Windows\System32\KERNELBASE.dll
0x00007ff84a830000 - 0x00007ff84a8d3000 	C:\Windows\System32\ADVAPI32.dll
0x00007ff84a120000 - 0x00007ff84a1be000 	C:\Windows\System32\msvcrt.dll
0x00007ff849900000 - 0x00007ff849997000 	C:\Windows\System32\sechost.dll
0x00007ff84ade0000 - 0x00007ff84af00000 	C:\Windows\System32\RPCRT4.dll
0x00007ff849b90000 - 0x00007ff849d24000 	C:\Windows\System32\USER32.dll
0x00007ff848950000 - 0x00007ff848971000 	C:\Windows\System32\win32u.dll
0x00007ff84a520000 - 0x00007ff84a546000 	C:\Windows\System32\GDI32.dll
0x00007ff848f20000 - 0x00007ff8490b6000 	C:\Windows\System32\gdi32full.dll
0x00007ff848ad0000 - 0x00007ff848b6e000 	C:\Windows\System32\msvcp_win.dll
0x00007ff848e20000 - 0x00007ff848f1a000 	C:\Windows\System32\ucrtbase.dll
0x00007ff82d280000 - 0x00007ff82d504000 	C:\Windows\WinSxS\amd64_microsoft.windows.common-controls_6595b64144ccf1df_6.0.18362.1198_none_9e820b57e45ad92f\COMCTL32.dll
0x00007ff849de0000 - 0x00007ff84a115000 	C:\Windows\System32\combase.dll
0x00007ff849130000 - 0x00007ff8491b0000 	C:\Windows\System32\bcryptPrimitives.dll
0x00007ff84a940000 - 0x00007ff84a96e000 	C:\Windows\System32\IMM32.DLL
0x000000005d640000 - 0x000000005d712000 	D:\Android\Android Studio\jre\jre\bin\msvcr100.dll
0x000000005c660000 - 0x000000005ceab000 	D:\Android\Android Studio\jre\jre\bin\server\jvm.dll
0x00007ff849b80000 - 0x00007ff849b88000 	C:\Windows\System32\PSAPI.DLL
0x00007ff83ad00000 - 0x00007ff83ad09000 	C:\Windows\SYSTEM32\WSOCK32.dll
0x00007ff84a550000 - 0x00007ff84a5bf000 	C:\Windows\System32\WS2_32.dll
0x00007ff845f40000 - 0x00007ff845f64000 	C:\Windows\SYSTEM32\WINMM.dll
0x00007ff845120000 - 0x00007ff84512a000 	C:\Windows\SYSTEM32\VERSION.dll
0x00007ff845ba0000 - 0x00007ff845bcd000 	C:\Windows\SYSTEM32\WINMMBASE.dll
0x00007ff8490c0000 - 0x00007ff84910a000 	C:\Windows\System32\cfgmgr32.dll
0x00007ff844940000 - 0x00007ff84494f000 	D:\Android\Android Studio\jre\jre\bin\verify.dll
0x00007ff834a70000 - 0x00007ff834a99000 	D:\Android\Android Studio\jre\jre\bin\java.dll
0x00007ff8389d0000 - 0x00007ff8389e6000 	D:\Android\Android Studio\jre\jre\bin\zip.dll
0x00007ff849210000 - 0x00007ff8498f7000 	C:\Windows\System32\SHELL32.dll
0x00007ff84a770000 - 0x00007ff84a819000 	C:\Windows\System32\shcore.dll
0x00007ff8481c0000 - 0x00007ff848941000 	C:\Windows\System32\windows.storage.dll
0x00007ff848040000 - 0x00007ff848063000 	C:\Windows\System32\profapi.dll
0x00007ff848090000 - 0x00007ff8480da000 	C:\Windows\System32\powrprof.dll
0x00007ff848010000 - 0x00007ff848020000 	C:\Windows\System32\UMPDC.dll
0x00007ff84a4c0000 - 0x00007ff84a512000 	C:\Windows\System32\shlwapi.dll
0x00007ff848020000 - 0x00007ff848031000 	C:\Windows\System32\kernel.appcore.dll
0x00007ff849110000 - 0x00007ff849127000 	C:\Windows\System32\cryptsp.dll
0x00007ff834a50000 - 0x00007ff834a6a000 	D:\Android\Android Studio\jre\jre\bin\net.dll
0x00007ff847800000 - 0x00007ff847867000 	C:\Windows\system32\mswsock.dll
0x00007ff832370000 - 0x00007ff832383000 	D:\Android\Android Studio\jre\jre\bin\nio.dll
0x00007ff82f490000 - 0x00007ff82f4b6000 	C:\Users\hanyonghua\.gradle\native\30\windows-amd64\native-platform.dll
0x00007ff834ee0000 - 0x00007ff834eed000 	D:\Android\Android Studio\jre\jre\bin\management.dll
0x00007ff847370000 - 0x00007ff8473a3000 	C:\Windows\system32\rsaenh.dll
0x00007ff848190000 - 0x00007ff8481b6000 	C:\Windows\System32\bcrypt.dll
0x00007ff847f30000 - 0x00007ff847f55000 	C:\Windows\SYSTEM32\USERENV.dll
0x00007ff8479d0000 - 0x00007ff8479dc000 	C:\Windows\SYSTEM32\CRYPTBASE.dll
0x00007ff847510000 - 0x00007ff84754a000 	C:\Windows\SYSTEM32\IPHLPAPI.DLL
0x00007ff84a820000 - 0x00007ff84a828000 	C:\Windows\System32\NSI.dll
0x00007ff841170000 - 0x00007ff841186000 	C:\Windows\SYSTEM32\dhcpcsvc6.DLL
0x00007ff841c50000 - 0x00007ff841c6c000 	C:\Windows\SYSTEM32\dhcpcsvc.DLL
0x00007ff847550000 - 0x00007ff84761b000 	C:\Windows\SYSTEM32\DNSAPI.dll

VM Arguments:
jvm_args: -Xmx1536M -Dfile.encoding=GBK -Duser.country=CN -Duser.language=zh -Duser.variant 
java_command: org.gradle.launcher.daemon.bootstrap.GradleDaemon 5.6.2
java_class_path (initial): C:\Users\hanyonghua\.gradle\wrapper\dists\gradle-5.6.2-all\9st6wgf78h16so49nn74lgtbb\gradle-5.6.2\lib\gradle-launcher-5.6.2.jar
Launcher Type: SUN_STANDARD

Environment Variables:
JAVA_HOME=D:\Android\Android Studio\jre
CLASSPATH=D:\flutter-project\fms_flutter\android\\gradle\wrapper\gradle-wrapper.jar
PATH=C:\Program Files (x86)\Common Files\Oracle\Java\javapath;C:\Program Files (x86)\Intel\iCLS Client\;C:\Program Files\Intel\iCLS Client\;C:\Windows\system32;C:\Windows;C:\Windows\System32\Wbem;C:\Windows\System32\WindowsPowerShell\v1.0\;C:\Windows\System32\OpenSSH\;D:\Go\bin;C:\Program Files (x86)\Intel\Intel(R) Management Engine Components\DAL;C:\Program Files\Intel\Intel(R) Management Engine Components\DAL;C:\Program Files (x86)\Intel\Intel(R) Management Engine Components\IPT;C:\Program Files\Intel\Intel(R) Management Engine Components\IPT;D:\Program Files\Microsoft VS Code\bin;d:\Program Files\Git\cmd;D:\flutter\bin;C:\Program Files (x86)\ZeroTier\One\;C:\Users\hanyonghua\AppData\Local\Microsoft\WindowsApps;;D:\Program Files\JetBrains\GoLand 2019.3.1\bin;;C:\Users\hanyonghua\go\bin;D:\flutter\bin\mingit\cmd
USERNAME=hanyonghua
OS=Windows_NT
PROCESSOR_IDENTIFIER=Intel64 Family 6 Model 60 Stepping 3, GenuineIntel



---------------  S Y S T E M  ---------------

OS: Windows 10.0 , 64 bit Build 18362 (10.0.18362.1110)

CPU:total 4 (initial active 4) (4 cores per cpu, 1 threads per core) family 6 model 60 stepping 3, cmov, cx8, fxsr, mmx, sse, sse2, sse3, ssse3, sse4.1, sse4.2, popcnt, avx, avx2, aes, clmul, erms, lzcnt, tsc, tscinvbit, bmi1, bmi2

Memory: 4k page, physical 16683184k(5691492k free), swap 24547756k(4k free)

vm_info: OpenJDK 64-Bit Server VM (25.242-b01) for windows-amd64 JRE (1.8.0_242-release-1644-b01), built by "builder" with MS VC++ 10.0 (VS2010)

time: Thu Nov 19 21:49:08 2020
timezone: 中国标准时间
elapsed time: 5711 seconds (0d 1h 35m 11s)

